<?xml version="1.0" encoding="UTF-8"?>
<!-- Generated by org.testng.reporters.JUnitReportReporter -->
<testsuite skipped="0" hostname="DESKTOP-BQS7GFT" name="com.orangehrm.qa.testcases.LoginPageTest" tests="5" failures="0" timestamp="2022-01-17T11:42:26 IST" time="94.155" errors="0">
  <testcase name="loginappfail" time="16.715" classname="com.orangehrm.qa.testcases.LoginPageTest"/>
  <system-out/>
  <testcase name="loginappfail" time="12.771" classname="com.orangehrm.qa.testcases.LoginPageTest"/>
  <system-out/>
  <testcase name="loginappfail" time="18.529" classname="com.orangehrm.qa.testcases.LoginPageTest"/>
  <system-out/>
  <testcase name="loginpagetitlecase" time="18.351" classname="com.orangehrm.qa.testcases.LoginPageTest"/>
  <system-out/>
  <testcase name="loginapp" time="27.789" classname="com.orangehrm.qa.testcases.LoginPageTest"/>
  <system-out/>
</testsuite> <!-- com.orangehrm.qa.testcases.LoginPageTest -->
