<?xml version="1.0" encoding="UTF-8"?>
<!-- Generated by org.testng.reporters.JUnitReportReporter -->
<testsuite skipped="0" hostname="DESKTOP-BQS7GFT" name="com.orangehrm.qa.testcases.HomePageTest" tests="1" failures="0" timestamp="2022-01-17T11:42:26 IST" time="37.733" errors="0">
  <testcase name="maintainaccess" time="37.733" classname="com.orangehrm.qa.testcases.HomePageTest"/>
  <system-out/>
</testsuite> <!-- com.orangehrm.qa.testcases.HomePageTest -->
